TN:
SF:C:\Users\dist\Desktop\NEW PROJECTS\dapp-token-ico\contracts\AllowanceCrowdsale.sol
FN:23,constructor
FN:34,tokenWallet
FN:42,remainingTokens
FN:55,_deliverTokens
FNF:4
FNH:2
FNDA:3,constructor
FNDA:0,tokenWallet
FNDA:1,remainingTokens
FNDA:0,_deliverTokens
DA:24,3
DA:28,3
DA:35,0
DA:43,1
DA:60,0
LF:5
LH:3
BRDA:24,1,0,3
BRDA:24,1,1,0
BRF:2
BRH:1
end_of_record
TN:
SF:C:\Users\dist\Desktop\NEW PROJECTS\dapp-token-ico\contracts\Box.sol
FN:11,store
FN:17,retrieve
FNF:2
FNH:2
FNDA:1,store
FNDA:2,retrieve
DA:12,1
DA:13,1
DA:18,2
LF:3
LH:3
BRF:0
BRH:0
end_of_record
TN:
SF:C:\Users\dist\Desktop\NEW PROJECTS\dapp-token-ico\contracts\BoxV2.sol
FN:11,store
FN:17,retrieve
FN:22,increment
FNF:3
FNH:3
FNDA:1,store
FNDA:4,retrieve
FNDA:1,increment
DA:12,1
DA:13,1
DA:18,4
DA:23,1
DA:24,1
LF:5
LH:5
BRF:0
BRH:0
end_of_record
TN:
SF:C:\Users\dist\Desktop\NEW PROJECTS\dapp-token-ico\contracts\Crowdsale.sol
FN:62,constructor
FN:92,token
FN:99,wallet
FN:106,rate
FN:113,weiRaised
FN:123,buyTokens
FN:151,_preValidatePurchase
FN:170,_postValidatePurchase
FN:183,_deliverTokens
FN:196,_processPurchase
FN:208,_updatePurchasingState
FN:219,_getTokenAmount
FN:230,_forwardFunds
FNF:13
FNH:3
FNDA:3,constructor
FNDA:2,token
FNDA:0,wallet
FNDA:1,rate
FNDA:0,weiRaised
FNDA:0,buyTokens
FNDA:0,_preValidatePurchase
FNDA:0,_postValidatePurchase
FNDA:0,_deliverTokens
FNDA:0,_processPurchase
FNDA:0,_updatePurchasingState
FNDA:0,_getTokenAmount
FNDA:0,_forwardFunds
DA:67,3
DA:68,3
DA:69,3
DA:74,3
DA:75,3
DA:76,3
DA:86,0
DA:93,2
DA:100,0
DA:107,1
DA:114,0
DA:124,0
DA:125,0
DA:128,0
DA:131,0
DA:133,0
DA:134,0
DA:136,0
DA:138,0
DA:139,0
DA:156,0
DA:160,0
DA:161,0
DA:187,0
DA:199,0
DA:224,0
DA:231,0
LF:27
LH:8
BRDA:67,1,0,3
BRDA:67,1,1,0
BRDA:68,2,0,3
BRDA:68,2,1,0
BRDA:69,3,0,3
BRDA:69,3,1,0
BRDA:123,4,0,0
BRDA:123,4,1,0
BRDA:156,5,0,0
BRDA:156,5,1,0
BRDA:160,6,0,0
BRDA:160,6,1,0
BRF:12
BRH:3
end_of_record
TN:
SF:C:\Users\dist\Desktop\NEW PROJECTS\dapp-token-ico\contracts\Greeter.sol
FN:9,constructor
FN:14,greet
FN:18,setGreeting
FNF:3
FNH:3
FNDA:3,constructor
FNDA:2,greet
FNDA:1,setGreeting
DA:10,3
DA:11,3
DA:15,2
DA:19,1
DA:20,1
LF:5
LH:5
BRF:0
BRH:0
end_of_record
TN:
SF:C:\Users\dist\Desktop\NEW PROJECTS\dapp-token-ico\contracts\ITManToken.sol
FN:8,constructor
FN:12,mint
FNF:2
FNH:1
FNDA:15,constructor
FNDA:0,mint
DA:9,15
DA:13,0
LF:2
LH:1
BRDA:12,1,0,0
BRDA:12,1,1,0
BRF:2
BRH:0
end_of_record
TN:
SF:C:\Users\dist\Desktop\NEW PROJECTS\dapp-token-ico\contracts\ITManTokenCrowdsale.sol
FN:21,constructor
FN:33,_preValidatePurchase
FN:43,_deliverTokens
FNF:3
FNH:1
FNDA:3,constructor
FNDA:0,_preValidatePurchase
FNDA:0,_deliverTokens
DA:35,0
DA:47,0
LF:2
LH:0
BRDA:33,1,0,0
BRDA:33,1,1,0
BRF:2
BRH:0
end_of_record
TN:
SF:C:\Users\dist\Desktop\NEW PROJECTS\dapp-token-ico\contracts\TimedCrowdsale.sol
FN:28,onlyWhileOpen
FN:38,constructor
FN:57,openingTime
FN:64,closingTime
FN:71,isOpen
FN:81,hasClosed
FN:96,_preValidatePurchase
FN:105,_extendTime
FNF:8
FNH:1
FNDA:0,onlyWhileOpen
FNDA:3,constructor
FNDA:0,openingTime
FNDA:0,closingTime
FNDA:0,isOpen
FNDA:0,hasClosed
FNDA:0,_preValidatePurchase
FNDA:0,_extendTime
DA:29,0
DA:30,0
DA:40,3
DA:45,3
DA:50,3
DA:51,3
DA:58,0
DA:65,0
DA:73,0
DA:83,0
DA:98,0
DA:106,0
DA:108,0
DA:113,0
DA:114,0
LF:15
LH:4
BRDA:29,1,0,0
BRDA:29,1,1,0
BRDA:40,2,0,3
BRDA:40,2,1,0
BRDA:45,3,0,3
BRDA:45,3,1,0
BRDA:96,4,0,0
BRDA:96,4,1,0
BRDA:106,5,0,0
BRDA:106,5,1,0
BRDA:108,6,0,0
BRDA:108,6,1,0
BRF:12
BRH:2
end_of_record
